<?xml version="1.0" encoding="UTF-8"?>
<!-- Generated by org.testng.reporters.JUnitReportReporter -->
<testsuite hostname="INLN50888725A" name="testcases.OpenAccountTest" tests="1" failures="0" timestamp="12 Dec 2016 08:10:09 GMT" time="1.429" errors="0">
  <testcase name="OpenAccount" time="1.429" classname="testcases.OpenAccountTest"/>
</testsuite> <!-- testcases.OpenAccountTest -->
