<?xml version="1.0" encoding="UTF-8"?>
<!-- Generated by org.testng.reporters.JUnitReportReporter -->
<testsuite hostname="INLN50888725A" name="testcases.AddCustomerTest" tests="1" failures="0" timestamp="12 Dec 2016 08:10:09 GMT" time="0.565" errors="0">
  <testcase name="addCustomer" time="0.565" classname="testcases.AddCustomerTest"/>
</testsuite> <!-- testcases.AddCustomerTest -->
